npm error code ERESOLVE
npm error ERESOLVE could not resolve
npm error
npm error While resolving: react-datetime@3.0.4
npm error Found: react@17.0.2
npm error node_modules/react
npm error   react@"^17.0.2" from the root project
npm error   peer react@">=16.8.0" from @emotion/react@11.14.0
npm error   node_modules/@emotion/react
npm error     @emotion/react@"^11.8.1" from react-select@5.10.0
npm error     node_modules/react-select
npm error       react-select@"^5.10.0" from the root project
npm error   33 more (@emotion/use-insertion-effect-with-fallbacks, ...)
npm error
npm error Could not resolve dependency:
npm error peer react@"^16.5.0" from react-datetime@3.0.4
npm error node_modules/react-datetime
npm error   react-datetime@"^3.0.4" from the root project
npm error
npm error Conflicting peer dependency: react@16.14.0
npm error node_modules/react
npm error   peer react@"^16.5.0" from react-datetime@3.0.4
npm error   node_modules/react-datetime
npm error     react-datetime@"^3.0.4" from the root project
npm error
npm error Fix the upstream dependency conflict, or retry
npm error this command with --force or --legacy-peer-deps
npm error to accept an incorrect (and potentially broken) dependency resolution.
npm error
npm error
npm error For a full report see:
npm error /Users/ayushgupta/.npm/_logs/2025-03-03T07_35_05_967Z-eresolve-report.txt

npm error A complete log of this run can be found in: /Users/ayushgupta/.npm/_logs/2025-03-03T07_35_05_967Z-debug-0.log
